# JRE version: Java(TM) SE Runtime Environment (7.0_80-b15) (build 1.7.0_80-b15)
# Java VM: Java HotSpot(TM) 64-Bit Server VM (24.80-b11 mixed mode linux-amd64 compressed oops)
Heap
 PSYoungGen      total 281600K, used 26825K [0x00000000eaa80000, 0x0000000100000000, 0x0000000100000000)
  eden space 235008K, 0% used [0x00000000eaa80000,0x00000000eaa80000,0x00000000f9000000)
  from space 46592K, 57% used [0x00000000fd280000,0x00000000fecb2558,0x0000000100000000)
  to   space 57344K, 0% used [0x00000000f9000000,0x00000000f9000000,0x00000000fc800000)
 ParOldGen       total 128000K, used 127952K [0x00000000c0000000, 0x00000000c7d00000, 0x00000000eaa80000)
  object space 128000K, 99% used [0x00000000c0000000,0x00000000c7cf40a8,0x00000000c7d00000)
 PSPermGen       total 121856K, used 98857K [0x00000000b0000000, 0x00000000b7700000, 0x00000000c0000000)
  object space 121856K, 81% used [0x00000000b0000000,0x00000000b608a698,0x00000000b7700000)
GC Heap History (10 events):
Event: 140,626 GC heap after
Heap after GC invocations=22 (full 3):
 PSYoungGen      total 317952K, used 31727K [0x00000000eaa80000, 0x0000000100000000, 0x0000000100000000)
  eden space 286208K, 0% used [0x00000000eaa80000,0x00000000eaa80000,0x00000000fc200000)
  from space 31744K, 99% used [0x00000000fc200000,0x00000000fe0fbe38,0x00000000fe100000)
  to   space 31744K, 0% used [0x00000000fe100000,0x00000000fe100000,0x0000000100000000)
 ParOldGen       total 128000K, used 90417K [0x00000000c0000000, 0x00000000c7d00000, 0x00000000eaa80000)
  object space 128000K, 70% used [0x00000000c0000000,0x00000000c584c678,0x00000000c7d00000)
 PSPermGen       total 93696K, used 76290K [0x00000000b0000000, 0x00000000b5b80000, 0x00000000c0000000)
  object space 93696K, 81% used [0x00000000b0000000,0x00000000b4a80b88,0x00000000b5b80000)
}
Event: 142,320 GC heap before
{Heap before GC invocations=23 (full 3):
 PSYoungGen      total 317952K, used 142362K [0x00000000eaa80000, 0x0000000100000000, 0x0000000100000000)
  eden space 286208K, 38% used [0x00000000eaa80000,0x00000000f168aa58,0x00000000fc200000)
  from space 31744K, 99% used [0x00000000fc200000,0x00000000fe0fbe38,0x00000000fe100000)
  to   space 31744K, 0% used [0x00000000fe100000,0x00000000fe100000,0x0000000100000000)
 ParOldGen       total 128000K, used 90417K [0x00000000c0000000, 0x00000000c7d00000, 0x00000000eaa80000)
  object space 128000K, 70% used [0x00000000c0000000,0x00000000c584c678,0x00000000c7d00000)
 PSPermGen       total 93696K, used 78733K [0x00000000b0000000, 0x00000000b5b80000, 0x00000000c0000000)
  object space 93696K, 84% used [0x00000000b0000000,0x00000000b4ce3500,0x00000000b5b80000)
Event: 142,383 GC heap after
Heap after GC invocations=23 (full 3):
 PSYoungGen      total 288256K, used 25538K [0x00000000eaa80000, 0x0000000100000000, 0x0000000100000000)
  eden space 256512K, 0% used [0x00000000eaa80000,0x00000000eaa80000,0x00000000fa500000)
  from space 31744K, 80% used [0x00000000fe100000,0x00000000ff9f0af8,0x0000000100000000)
  to   space 46592K, 0% used [0x00000000fa500000,0x00000000fa500000,0x00000000fd280000)
 ParOldGen       total 128000K, used 106707K [0x00000000c0000000, 0x00000000c7d00000, 0x00000000eaa80000)
  object space 128000K, 83% used [0x00000000c0000000,0x00000000c6834c40,0x00000000c7d00000)
 PSPermGen       total 93696K, used 78733K [0x00000000b0000000, 0x00000000b5b80000, 0x00000000c0000000)
  object space 93696K, 84% used [0x00000000b0000000,0x00000000b4ce3500,0x00000000b5b80000)
}
Event: 142,384 GC heap before
{Heap before GC invocations=24 (full 4):
 PSYoungGen      total 288256K, used 25538K [0x00000000eaa80000, 0x0000000100000000, 0x0000000100000000)
  eden space 256512K, 0% used [0x00000000eaa80000,0x00000000eaa80000,0x00000000fa500000)
  from space 31744K, 80% used [0x00000000fe100000,0x00000000ff9f0af8,0x0000000100000000)
  to   space 46592K, 0% used [0x00000000fa500000,0x00000000fa500000,0x00000000fd280000)
 ParOldGen       total 128000K, used 106707K [0x00000000c0000000, 0x00000000c7d00000, 0x00000000eaa80000)
  object space 128000K, 83% used [0x00000000c0000000,0x00000000c6834c40,0x00000000c7d00000)
 PSPermGen       total 93696K, used 78733K [0x00000000b0000000, 0x00000000b5b80000, 0x00000000c0000000)
  object space 93696K, 84% used [0x00000000b0000000,0x00000000b4ce3500,0x00000000b5b80000)
Event: 143,407 GC heap after
Heap after GC invocations=24 (full 4):
 PSYoungGen      total 288256K, used 0K [0x00000000eaa80000, 0x0000000100000000, 0x0000000100000000)
  eden space 256512K, 0% used [0x00000000eaa80000,0x00000000eaa80000,0x00000000fa500000)
  from space 31744K, 0% used [0x00000000fe100000,0x00000000fe100000,0x0000000100000000)
  to   space 46592K, 0% used [0x00000000fa500000,0x00000000fa500000,0x00000000fd280000)
 ParOldGen       total 128000K, used 104333K [0x00000000c0000000, 0x00000000c7d00000, 0x00000000eaa80000)
  object space 128000K, 81% used [0x00000000c0000000,0x00000000c65e3560,0x00000000c7d00000)
 PSPermGen       total 121856K, used 78574K [0x00000000b0000000, 0x00000000b7700000, 0x00000000c0000000)
  object space 121856K, 64% used [0x00000000b0000000,0x00000000b4cbb8b8,0x00000000b7700000)
}
Event: 351,605 GC heap before
{Heap before GC invocations=25 (full 4):
 PSYoungGen      total 288256K, used 256512K [0x00000000eaa80000, 0x0000000100000000, 0x0000000100000000)
  eden space 256512K, 100% used [0x00000000eaa80000,0x00000000fa500000,0x00000000fa500000)
  from space 31744K, 0% used [0x00000000fe100000,0x00000000fe100000,0x0000000100000000)
  to   space 46592K, 0% used [0x00000000fa500000,0x00000000fa500000,0x00000000fd280000)
 ParOldGen       total 128000K, used 104333K [0x00000000c0000000, 0x00000000c7d00000, 0x00000000eaa80000)
  object space 128000K, 81% used [0x00000000c0000000,0x00000000c65e3560,0x00000000c7d00000)
 PSPermGen       total 121856K, used 86813K [0x00000000b0000000, 0x00000000b7700000, 0x00000000c0000000)
  object space 121856K, 71% used [0x00000000b0000000,0x00000000b54c7730,0x00000000b7700000)
Event: 351,647 GC heap after
Heap after GC invocations=25 (full 4):
 PSYoungGen      total 303104K, used 23832K [0x00000000eaa80000, 0x0000000100000000, 0x0000000100000000)
  eden space 256512K, 0% used [0x00000000eaa80000,0x00000000eaa80000,0x00000000fa500000)
  from space 46592K, 51% used [0x00000000fa500000,0x00000000fbc46090,0x00000000fd280000)
  to   space 46592K, 0% used [0x00000000fd280000,0x00000000fd280000,0x0000000100000000)
 ParOldGen       total 128000K, used 104333K [0x00000000c0000000, 0x00000000c7d00000, 0x00000000eaa80000)
  object space 128000K, 81% used [0x00000000c0000000,0x00000000c65e3560,0x00000000c7d00000)
 PSPermGen       total 121856K, used 86813K [0x00000000b0000000, 0x00000000b7700000, 0x00000000c0000000)
  object space 121856K, 71% used [0x00000000b0000000,0x00000000b54c7730,0x00000000b7700000)
}
Event: 359,280 GC heap before
{Heap before GC invocations=26 (full 4):
 PSYoungGen      total 303104K, used 280344K [0x00000000eaa80000, 0x0000000100000000, 0x0000000100000000)
  eden space 256512K, 100% used [0x00000000eaa80000,0x00000000fa500000,0x00000000fa500000)
  from space 46592K, 51% used [0x00000000fa500000,0x00000000fbc46090,0x00000000fd280000)
  to   space 46592K, 0% used [0x00000000fd280000,0x00000000fd280000,0x0000000100000000)
 ParOldGen       total 128000K, used 104333K [0x00000000c0000000, 0x00000000c7d00000, 0x00000000eaa80000)
  object space 128000K, 81% used [0x00000000c0000000,0x00000000c65e3560,0x00000000c7d00000)
 PSPermGen       total 121856K, used 98907K [0x00000000b0000000, 0x00000000b7700000, 0x00000000c0000000)
  object space 121856K, 81% used [0x00000000b0000000,0x00000000b6096d08,0x00000000b7700000)
Event: 359,361 GC heap after
Heap after GC invocations=26 (full 4):
 PSYoungGen      total 281600K, used 46588K [0x00000000eaa80000, 0x0000000100000000, 0x0000000100000000)
  eden space 235008K, 0% used [0x00000000eaa80000,0x00000000eaa80000,0x00000000f9000000)
  from space 46592K, 99% used [0x00000000fd280000,0x00000000fffff180,0x0000000100000000)
  to   space 57344K, 0% used [0x00000000f9000000,0x00000000f9000000,0x00000000fc800000)
 ParOldGen       total 128000K, used 110989K [0x00000000c0000000, 0x00000000c7d00000, 0x00000000eaa80000)
  object space 128000K, 86% used [0x00000000c0000000,0x00000000c6c63458,0x00000000c7d00000)
 PSPermGen       total 121856K, used 98907K [0x00000000b0000000, 0x00000000b7700000, 0x00000000c0000000)
  object space 121856K, 81% used [0x00000000b0000000,0x00000000b6096d08,0x00000000b7700000)
}
Event: 359,361 GC heap before
{Heap before GC invocations=27 (full 5):
 PSYoungGen      total 281600K, used 46588K [0x00000000eaa80000, 0x0000000100000000, 0x0000000100000000)
  eden space 235008K, 0% used [0x00000000eaa80000,0x00000000eaa80000,0x00000000f9000000)
  from space 46592K, 99% used [0x00000000fd280000,0x00000000fffff180,0x0000000100000000)
  to   space 57344K, 0% used [0x00000000f9000000,0x00000000f9000000,0x00000000fc800000)
 ParOldGen       total 128000K, used 110989K [0x00000000c0000000, 0x00000000c7d00000, 0x00000000eaa80000)
  object space 128000K, 86% used [0x00000000c0000000,0x00000000c6c63458,0x00000000c7d00000)
 PSPermGen       total 121856K, used 98907K [0x00000000b0000000, 0x00000000b7700000, 0x00000000c0000000)
  object space 121856K, 81% used [0x00000000b0000000,0x00000000b6096d08,0x00000000b7700000)

