# JRE version: Java(TM) SE Runtime Environment (7.0_80-b15) (build 1.7.0_80-b15)
# Java VM: Java HotSpot(TM) 64-Bit Server VM (24.80-b11 mixed mode linux-amd64 compressed oops)
Heap
 PSYoungGen      total 291328K, used 58616K [0x00000000eaa80000, 0x0000000100000000, 0x0000000100000000)
  eden space 235008K, 24% used [0x00000000eaa80000,0x00000000ee3be030,0x00000000f9000000)
  from space 56320K, 0% used [0x00000000f9000000,0x00000000f9000000,0x00000000fc700000)
  to   space 58368K, 0% used [0x00000000fc700000,0x00000000fc700000,0x0000000100000000)
 ParOldGen       total 108032K, used 107992K [0x00000000c0000000, 0x00000000c6980000, 0x00000000eaa80000)
  object space 108032K, 99% used [0x00000000c0000000,0x00000000c6976310,0x00000000c6980000)
 PSPermGen       total 158720K, used 133860K [0x00000000b0000000, 0x00000000b9b00000, 0x00000000c0000000)
  object space 158720K, 84% used [0x00000000b0000000,0x00000000b82b9008,0x00000000b9b00000)
GC Heap History (10 events):
Event: 9691,106 GC heap after
Heap after GC invocations=29 (full 7):
 PSYoungGen      total 295936K, used 23771K [0x00000000eaa80000, 0x0000000100000000, 0x0000000100000000)
  eden space 241664K, 0% used [0x00000000eaa80000,0x00000000eaa80000,0x00000000f9680000)
  from space 54272K, 43% used [0x00000000fcb00000,0x00000000fe236f68,0x0000000100000000)
  to   space 53760K, 0% used [0x00000000f9680000,0x00000000f9680000,0x00000000fcb00000)
 ParOldGen       total 108032K, used 94589K [0x00000000c0000000, 0x00000000c6980000, 0x00000000eaa80000)
  object space 108032K, 87% used [0x00000000c0000000,0x00000000c5c5f438,0x00000000c6980000)
 PSPermGen       total 131584K, used 108721K [0x00000000b0000000, 0x00000000b8080000, 0x00000000c0000000)
  object space 131584K, 82% used [0x00000000b0000000,0x00000000b6a2c6c0,0x00000000b8080000)
}
Event: 10151,451 GC heap before
{Heap before GC invocations=30 (full 7):
 PSYoungGen      total 295936K, used 265435K [0x00000000eaa80000, 0x0000000100000000, 0x0000000100000000)
  eden space 241664K, 100% used [0x00000000eaa80000,0x00000000f9680000,0x00000000f9680000)
  from space 54272K, 43% used [0x00000000fcb00000,0x00000000fe236f68,0x0000000100000000)
  to   space 53760K, 0% used [0x00000000f9680000,0x00000000f9680000,0x00000000fcb00000)
 ParOldGen       total 108032K, used 94589K [0x00000000c0000000, 0x00000000c6980000, 0x00000000eaa80000)
  object space 108032K, 87% used [0x00000000c0000000,0x00000000c5c5f438,0x00000000c6980000)
 PSPermGen       total 131584K, used 117140K [0x00000000b0000000, 0x00000000b8080000, 0x00000000c0000000)
  object space 131584K, 89% used [0x00000000b0000000,0x00000000b7265150,0x00000000b8080000)
Event: 10151,534 GC heap after
Heap after GC invocations=30 (full 7):
 PSYoungGen      total 282112K, used 39957K [0x00000000eaa80000, 0x0000000100000000, 0x0000000100000000)
  eden space 241664K, 0% used [0x00000000eaa80000,0x00000000eaa80000,0x00000000f9680000)
  from space 40448K, 98% used [0x00000000f9680000,0x00000000fbd857d0,0x00000000fbe00000)
  to   space 56320K, 0% used [0x00000000fc900000,0x00000000fc900000,0x0000000100000000)
 ParOldGen       total 108032K, used 94589K [0x00000000c0000000, 0x00000000c6980000, 0x00000000eaa80000)
  object space 108032K, 87% used [0x00000000c0000000,0x00000000c5c5f438,0x00000000c6980000)
 PSPermGen       total 131584K, used 117140K [0x00000000b0000000, 0x00000000b8080000, 0x00000000c0000000)
  object space 131584K, 89% used [0x00000000b0000000,0x00000000b7265150,0x00000000b8080000)
}
Event: 10153,465 GC heap before
{Heap before GC invocations=31 (full 7):
 PSYoungGen      total 282112K, used 281621K [0x00000000eaa80000, 0x0000000100000000, 0x0000000100000000)
  eden space 241664K, 100% used [0x00000000eaa80000,0x00000000f9680000,0x00000000f9680000)
  from space 40448K, 98% used [0x00000000f9680000,0x00000000fbd857d0,0x00000000fbe00000)
  to   space 56320K, 0% used [0x00000000fc900000,0x00000000fc900000,0x0000000100000000)
 ParOldGen       total 108032K, used 94589K [0x00000000c0000000, 0x00000000c6980000, 0x00000000eaa80000)
  object space 108032K, 87% used [0x00000000c0000000,0x00000000c5c5f438,0x00000000c6980000)
 PSPermGen       total 131584K, used 117418K [0x00000000b0000000, 0x00000000b8080000, 0x00000000c0000000)
  object space 131584K, 89% used [0x00000000b0000000,0x00000000b72aaa60,0x00000000b8080000)
Event: 10153,530 GC heap after
Heap after GC invocations=31 (full 7):
 PSYoungGen      total 291328K, used 38528K [0x00000000eaa80000, 0x0000000100000000, 0x0000000100000000)
  eden space 235008K, 0% used [0x00000000eaa80000,0x00000000eaa80000,0x00000000f9000000)
  from space 56320K, 68% used [0x00000000fc900000,0x00000000feea0070,0x0000000100000000)
  to   space 57344K, 0% used [0x00000000f9000000,0x00000000f9000000,0x00000000fc800000)
 ParOldGen       total 108032K, used 94589K [0x00000000c0000000, 0x00000000c6980000, 0x00000000eaa80000)
  object space 108032K, 87% used [0x00000000c0000000,0x00000000c5c5f438,0x00000000c6980000)
 PSPermGen       total 131584K, used 117418K [0x00000000b0000000, 0x00000000b8080000, 0x00000000c0000000)
  object space 131584K, 89% used [0x00000000b0000000,0x00000000b72aaa60,0x00000000b8080000)
}
Event: 10155,501 GC heap before
{Heap before GC invocations=32 (full 7):
 PSYoungGen      total 291328K, used 183800K [0x00000000eaa80000, 0x0000000100000000, 0x0000000100000000)
  eden space 235008K, 61% used [0x00000000eaa80000,0x00000000f385e218,0x00000000f9000000)
  from space 56320K, 68% used [0x00000000fc900000,0x00000000feea0070,0x0000000100000000)
  to   space 57344K, 0% used [0x00000000f9000000,0x00000000f9000000,0x00000000fc800000)
 ParOldGen       total 108032K, used 94589K [0x00000000c0000000, 0x00000000c6980000, 0x00000000eaa80000)
  object space 108032K, 87% used [0x00000000c0000000,0x00000000c5c5f438,0x00000000c6980000)
 PSPermGen       total 131584K, used 125421K [0x00000000b0000000, 0x00000000b8080000, 0x00000000c0000000)
  object space 131584K, 95% used [0x00000000b0000000,0x00000000b7a7b6a0,0x00000000b8080000)
Event: 10155,584 GC heap after
Heap after GC invocations=32 (full 7):
 PSYoungGen      total 291328K, used 56250K [0x00000000eaa80000, 0x0000000100000000, 0x0000000100000000)
  eden space 235008K, 0% used [0x00000000eaa80000,0x00000000eaa80000,0x00000000f9000000)
  from space 56320K, 99% used [0x00000000f9000000,0x00000000fc6ee9b8,0x00000000fc700000)
  to   space 58368K, 0% used [0x00000000fc700000,0x00000000fc700000,0x0000000100000000)
 ParOldGen       total 108032K, used 94589K [0x00000000c0000000, 0x00000000c6980000, 0x00000000eaa80000)
  object space 108032K, 87% used [0x00000000c0000000,0x00000000c5c5f438,0x00000000c6980000)
 PSPermGen       total 131584K, used 125421K [0x00000000b0000000, 0x00000000b8080000, 0x00000000c0000000)
  object space 131584K, 95% used [0x00000000b0000000,0x00000000b7a7b6a0,0x00000000b8080000)
}
Event: 10155,584 GC heap before
{Heap before GC invocations=33 (full 8):
 PSYoungGen      total 291328K, used 56250K [0x00000000eaa80000, 0x0000000100000000, 0x0000000100000000)
  eden space 235008K, 0% used [0x00000000eaa80000,0x00000000eaa80000,0x00000000f9000000)
  from space 56320K, 99% used [0x00000000f9000000,0x00000000fc6ee9b8,0x00000000fc700000)
  to   space 58368K, 0% used [0x00000000fc700000,0x00000000fc700000,0x0000000100000000)
 ParOldGen       total 108032K, used 94589K [0x00000000c0000000, 0x00000000c6980000, 0x00000000eaa80000)
  object space 108032K, 87% used [0x00000000c0000000,0x00000000c5c5f438,0x00000000c6980000)
 PSPermGen       total 131584K, used 125421K [0x00000000b0000000, 0x00000000b8080000, 0x00000000c0000000)
  object space 131584K, 95% used [0x00000000b0000000,0x00000000b7a7b6a0,0x00000000b8080000)
Event: 10156,900 GC heap after
Heap after GC invocations=33 (full 8):
 PSYoungGen      total 291328K, used 33281K [0x00000000eaa80000, 0x0000000100000000, 0x0000000100000000)
  eden space 235008K, 0% used [0x00000000eaa80000,0x00000000eaa80000,0x00000000f9000000)
  from space 56320K, 59% used [0x00000000f9000000,0x00000000fb080640,0x00000000fc700000)
  to   space 58368K, 0% used [0x00000000fc700000,0x00000000fc700000,0x0000000100000000)
 ParOldGen       total 108032K, used 107596K [0x00000000c0000000, 0x00000000c6980000, 0x00000000eaa80000)
  object space 108032K, 99% used [0x00000000c0000000,0x00000000c6913080,0x00000000c6980000)
 PSPermGen       total 158720K, used 125219K [0x00000000b0000000, 0x00000000b9b00000, 0x00000000c0000000)
  object space 158720K, 78% used [0x00000000b0000000,0x00000000b7a48e68,0x00000000b9b00000)
}
Event: 10172,478 GC heap before
{Heap before GC invocations=34 (full 9):
 PSYoungGen      total 291328K, used 268289K [0x00000000eaa80000, 0x0000000100000000, 0x0000000100000000)
  eden space 235008K, 100% used [0x00000000eaa80000,0x00000000f9000000,0x00000000f9000000)
  from space 56320K, 59% used [0x00000000f9000000,0x00000000fb080640,0x00000000fc700000)
  to   space 58368K, 0% used [0x00000000fc700000,0x00000000fc700000,0x0000000100000000)
 ParOldGen       total 108032K, used 107596K [0x00000000c0000000, 0x00000000c6980000, 0x00000000eaa80000)
  object space 108032K, 99% used [0x00000000c0000000,0x00000000c6913080,0x00000000c6980000)
 PSPermGen       total 158720K, used 133865K [0x00000000b0000000, 0x00000000b9b00000, 0x00000000c0000000)
  object space 158720K, 84% used [0x00000000b0000000,0x00000000b82ba5f0,0x00000000b9b00000)

