# JRE version: Java(TM) SE Runtime Environment (7.0_80-b15) (build 1.7.0_80-b15)
# Java VM: Java HotSpot(TM) 64-Bit Server VM (24.80-b11 mixed mode linux-amd64 compressed oops)
Heap
 PSYoungGen      total 78336K, used 1774K [0x00000000eaa80000, 0x00000000f1780000, 0x0000000100000000)
  eden space 54272K, 0% used [0x00000000eaa80000,0x00000000eaa80000,0x00000000edf80000)
  from space 24064K, 7% used [0x00000000edf80000,0x00000000ee13bba8,0x00000000ef700000)
  to   space 14848K, 0% used [0x00000000ef700000,0x00000000ef700000,0x00000000f0580000)
 ParOldGen       total 53760K, used 16088K [0x00000000c0000000, 0x00000000c3480000, 0x00000000eaa80000)
  object space 53760K, 29% used [0x00000000c0000000,0x00000000c0fb62e0,0x00000000c3480000)
 PSPermGen       total 21504K, used 6985K [0x00000000bae00000, 0x00000000bc300000, 0x00000000c0000000)
  object space 21504K, 32% used [0x00000000bae00000,0x00000000bb4d27f0,0x00000000bc300000)
GC Heap History (10 events):
Event: 2,166 GC heap after
Heap after GC invocations=3 (full 0):
 PSYoungGen      total 18432K, used 2532K [0x00000000eaa80000, 0x00000000ece80000, 0x0000000100000000)
  eden space 15872K, 0% used [0x00000000eaa80000,0x00000000eaa80000,0x00000000eba00000)
  from space 2560K, 98% used [0x00000000eba00000,0x00000000ebc79248,0x00000000ebc80000)
  to   space 2560K, 0% used [0x00000000ecc00000,0x00000000ecc00000,0x00000000ece80000)
 ParOldGen       total 40960K, used 8909K [0x00000000c0000000, 0x00000000c2800000, 0x00000000eaa80000)
  object space 40960K, 21% used [0x00000000c0000000,0x00000000c08b34d8,0x00000000c2800000)
 PSPermGen       total 21504K, used 6066K [0x00000000bae00000, 0x00000000bc300000, 0x00000000c0000000)
  object space 21504K, 28% used [0x00000000bae00000,0x00000000bb3eca88,0x00000000bc300000)
}
Event: 2,837 GC heap before
{Heap before GC invocations=4 (full 0):
 PSYoungGen      total 18432K, used 18404K [0x00000000eaa80000, 0x00000000ece80000, 0x0000000100000000)
  eden space 15872K, 100% used [0x00000000eaa80000,0x00000000eba00000,0x00000000eba00000)
  from space 2560K, 98% used [0x00000000eba00000,0x00000000ebc79248,0x00000000ebc80000)
  to   space 2560K, 0% used [0x00000000ecc00000,0x00000000ecc00000,0x00000000ece80000)
 ParOldGen       total 40960K, used 8909K [0x00000000c0000000, 0x00000000c2800000, 0x00000000eaa80000)
  object space 40960K, 21% used [0x00000000c0000000,0x00000000c08b34d8,0x00000000c2800000)
 PSPermGen       total 21504K, used 6909K [0x00000000bae00000, 0x00000000bc300000, 0x00000000c0000000)
  object space 21504K, 32% used [0x00000000bae00000,0x00000000bb4bf548,0x00000000bc300000)
Event: 2,844 GC heap after
Heap after GC invocations=4 (full 0):
 PSYoungGen      total 34304K, used 2544K [0x00000000eaa80000, 0x00000000ece80000, 0x0000000100000000)
  eden space 31744K, 0% used [0x00000000eaa80000,0x00000000eaa80000,0x00000000ec980000)
  from space 2560K, 99% used [0x00000000ecc00000,0x00000000ece7c110,0x00000000ece80000)
  to   space 2560K, 0% used [0x00000000ec980000,0x00000000ec980000,0x00000000ecc00000)
 ParOldGen       total 40960K, used 13433K [0x00000000c0000000, 0x00000000c2800000, 0x00000000eaa80000)
  object space 40960K, 32% used [0x00000000c0000000,0x00000000c0d1e4f8,0x00000000c2800000)
 PSPermGen       total 21504K, used 6909K [0x00000000bae00000, 0x00000000bc300000, 0x00000000c0000000)
  object space 21504K, 32% used [0x00000000bae00000,0x00000000bb4bf548,0x00000000bc300000)
}
Event: 3,225 GC heap before
{Heap before GC invocations=5 (full 0):
 PSYoungGen      total 34304K, used 34288K [0x00000000eaa80000, 0x00000000ece80000, 0x0000000100000000)
  eden space 31744K, 100% used [0x00000000eaa80000,0x00000000ec980000,0x00000000ec980000)
  from space 2560K, 99% used [0x00000000ecc00000,0x00000000ece7c110,0x00000000ece80000)
  to   space 2560K, 0% used [0x00000000ec980000,0x00000000ec980000,0x00000000ecc00000)
 ParOldGen       total 40960K, used 13433K [0x00000000c0000000, 0x00000000c2800000, 0x00000000eaa80000)
  object space 40960K, 32% used [0x00000000c0000000,0x00000000c0d1e4f8,0x00000000c2800000)
 PSPermGen       total 21504K, used 6949K [0x00000000bae00000, 0x00000000bc300000, 0x00000000c0000000)
  object space 21504K, 32% used [0x00000000bae00000,0x00000000bb4c9448,0x00000000bc300000)
Event: 3,236 GC heap after
Heap after GC invocations=5 (full 0):
 PSYoungGen      total 34304K, used 2544K [0x00000000eaa80000, 0x00000000f0580000, 0x0000000100000000)
  eden space 31744K, 0% used [0x00000000eaa80000,0x00000000eaa80000,0x00000000ec980000)
  from space 2560K, 99% used [0x00000000ec980000,0x00000000ecbfc110,0x00000000ecc00000)
  to   space 14848K, 0% used [0x00000000ef700000,0x00000000ef700000,0x00000000f0580000)
 ParOldGen       total 40960K, used 27112K [0x00000000c0000000, 0x00000000c2800000, 0x00000000eaa80000)
  object space 40960K, 66% used [0x00000000c0000000,0x00000000c1a7a0d8,0x00000000c2800000)
 PSPermGen       total 21504K, used 6949K [0x00000000bae00000, 0x00000000bc300000, 0x00000000c0000000)
  object space 21504K, 32% used [0x00000000bae00000,0x00000000bb4c9448,0x00000000bc300000)
}
Event: 3,558 GC heap before
{Heap before GC invocations=6 (full 0):
 PSYoungGen      total 34304K, used 34288K [0x00000000eaa80000, 0x00000000f0580000, 0x0000000100000000)
  eden space 31744K, 100% used [0x00000000eaa80000,0x00000000ec980000,0x00000000ec980000)
  from space 2560K, 99% used [0x00000000ec980000,0x00000000ecbfc110,0x00000000ecc00000)
  to   space 14848K, 0% used [0x00000000ef700000,0x00000000ef700000,0x00000000f0580000)
 ParOldGen       total 40960K, used 27112K [0x00000000c0000000, 0x00000000c2800000, 0x00000000eaa80000)
  object space 40960K, 66% used [0x00000000c0000000,0x00000000c1a7a0d8,0x00000000c2800000)
 PSPermGen       total 21504K, used 6965K [0x00000000bae00000, 0x00000000bc300000, 0x00000000c0000000)
  object space 21504K, 32% used [0x00000000bae00000,0x00000000bb4cd7c0,0x00000000bc300000)
Event: 3,599 GC heap after
Heap after GC invocations=6 (full 0):
 PSYoungGen      total 69120K, used 14841K [0x00000000eaa80000, 0x00000000f1780000, 0x0000000100000000)
  eden space 54272K, 0% used [0x00000000eaa80000,0x00000000eaa80000,0x00000000edf80000)
  from space 14848K, 99% used [0x00000000ef700000,0x00000000f057e610,0x00000000f0580000)
  to   space 24064K, 0% used [0x00000000edf80000,0x00000000edf80000,0x00000000ef700000)
 ParOldGen       total 40960K, used 38396K [0x00000000c0000000, 0x00000000c2800000, 0x00000000eaa80000)
  object space 40960K, 93% used [0x00000000c0000000,0x00000000c257f010,0x00000000c2800000)
 PSPermGen       total 21504K, used 6965K [0x00000000bae00000, 0x00000000bc300000, 0x00000000c0000000)
  object space 21504K, 32% used [0x00000000bae00000,0x00000000bb4cd7c0,0x00000000bc300000)
}
Event: 3,599 GC heap before
{Heap before GC invocations=7 (full 1):
 PSYoungGen      total 69120K, used 14841K [0x00000000eaa80000, 0x00000000f1780000, 0x0000000100000000)
  eden space 54272K, 0% used [0x00000000eaa80000,0x00000000eaa80000,0x00000000edf80000)
  from space 14848K, 99% used [0x00000000ef700000,0x00000000f057e610,0x00000000f0580000)
  to   space 24064K, 0% used [0x00000000edf80000,0x00000000edf80000,0x00000000ef700000)
 ParOldGen       total 40960K, used 38396K [0x00000000c0000000, 0x00000000c2800000, 0x00000000eaa80000)
  object space 40960K, 93% used [0x00000000c0000000,0x00000000c257f010,0x00000000c2800000)
 PSPermGen       total 21504K, used 6965K [0x00000000bae00000, 0x00000000bc300000, 0x00000000c0000000)
  object space 21504K, 32% used [0x00000000bae00000,0x00000000bb4cd7c0,0x00000000bc300000)
Event: 3,696 GC heap after
Heap after GC invocations=7 (full 1):
 PSYoungGen      total 69120K, used 0K [0x00000000eaa80000, 0x00000000f1780000, 0x0000000100000000)
  eden space 54272K, 0% used [0x00000000eaa80000,0x00000000eaa80000,0x00000000edf80000)
  from space 14848K, 0% used [0x00000000ef700000,0x00000000ef700000,0x00000000f0580000)
  to   space 24064K, 0% used [0x00000000edf80000,0x00000000edf80000,0x00000000ef700000)
 ParOldGen       total 53760K, used 16088K [0x00000000c0000000, 0x00000000c3480000, 0x00000000eaa80000)
  object space 53760K, 29% used [0x00000000c0000000,0x00000000c0fb62e0,0x00000000c3480000)
 PSPermGen       total 21504K, used 6963K [0x00000000bae00000, 0x00000000bc300000, 0x00000000c0000000)
  object space 21504K, 32% used [0x00000000bae00000,0x00000000bb4cccb0,0x00000000bc300000)
}
Event: 4,529 GC heap before
{Heap before GC invocations=8 (full 1):
 PSYoungGen      total 69120K, used 54272K [0x00000000eaa80000, 0x00000000f1780000, 0x0000000100000000)
  eden space 54272K, 100% used [0x00000000eaa80000,0x00000000edf80000,0x00000000edf80000)
  from space 14848K, 0% used [0x00000000ef700000,0x00000000ef700000,0x00000000f0580000)
  to   space 24064K, 0% used [0x00000000edf80000,0x00000000edf80000,0x00000000ef700000)
 ParOldGen       total 53760K, used 16088K [0x00000000c0000000, 0x00000000c3480000, 0x00000000eaa80000)
  object space 53760K, 29% used [0x00000000c0000000,0x00000000c0fb62e0,0x00000000c3480000)
 PSPermGen       total 21504K, used 6985K [0x00000000bae00000, 0x00000000bc300000, 0x00000000c0000000)
  object space 21504K, 32% used [0x00000000bae00000,0x00000000bb4d27f0,0x00000000bc300000)

